<?xml version="1.0" encoding="utf-8"?><testsuites name="pytest tests"><testsuite name="pytest" errors="0" failures="0" skipped="0" tests="15" time="1.533" timestamp="2026-06-29T11:16:05.371159+00:00" hostname="agent-env-2977addc-9189-4bf9-b1bc-c581d520b4d8"><testcase classname="backend.tests.test_cozybox_api" name="test_health" time="0.540" /><testcase classname="backend.tests.test_cozybox_api" name="test_catalog_all" time="0.049" /><testcase classname="backend.tests.test_cozybox_api" name="test_catalog_food" time="0.049" /><testcase classname="backend.tests.test_cozybox_api" name="test_catalog_drink" time="0.252" /><testcase classname="backend.tests.test_cozybox_api" name="test_catalog_retail" time="0.041" /><testcase classname="backend.tests.test_cozybox_api" name="test_events" time="0.035" /><testcase classname="backend.tests.test_cozybox_api" name="test_packages" time="0.039" /><testcase classname="backend.tests.test_cozybox_api" name="test_passport_plans" time="0.039" /><testcase classname="backend.tests.test_cozybox_api" name="test_reviews" time="0.075" /><testcase classname="backend.tests.test_cozybox_api" name="test_location" time="0.040" /><testcase classname="backend.tests.test_cozybox_api" name="test_booking_availability" time="0.045" /><testcase classname="backend.tests.test_cozybox_api" name="test_booking_create" time="0.068" /><testcase classname="backend.tests.test_cozybox_api" name="test_contact_ok" time="0.050" /><testcase classname="backend.tests.test_cozybox_api" name="test_contact_invalid_email" time="0.039" /><testcase classname="backend.tests.test_cozybox_api" name="test_package_enquiry" time="0.056" /></testsuite></testsuites>